c:\users\menrit.mosaad\desktop\watashi no desukotoppo\7th year\graphics winter 2023\labs\lab 7\lab 7\openglmeshloader19 - sky\debug\vc142.pdb
c:\users\menrit.mosaad\desktop\watashi no desukotoppo\7th year\graphics winter 2023\labs\lab 7\lab 7\openglmeshloader19 - sky\debug\vc142.idb
d:\projects\graphics\graphics-project\debug\vc143.pdb
d:\projects\graphics\graphics-project\debug\vc143.idb
d:\projects\graphics\graphics-project\debug\openglmeshloader.obj
d:\projects\graphics\graphics-project\debug\model_3ds.obj
d:\projects\graphics\graphics-project\debug\gltexture.obj
d:\projects\graphics\graphics-project\debug\gameobject.obj
d:\projects\graphics\graphics-project\debug\car.obj
d:\projects\graphics\graphics-project\debug\openglmeshloader19.exe
d:\projects\graphics\graphics-project\debug\openglmeshloader19.pdb
d:\projects\graphics\graphics-project\debug\openglmeshloader19.obj
d:\projects\graphics\graphics-project\debug\vc142.idb
d:\projects\graphics\graphics-project\debug\vc142.pdb
d:\projects\graphics\graphics-project\debug\openglme.2ee1f2c2.tlog\cl.command.1.tlog
d:\projects\graphics\graphics-project\debug\openglme.2ee1f2c2.tlog\cl.items.tlog
d:\projects\graphics\graphics-project\debug\openglme.2ee1f2c2.tlog\cl.read.1.tlog
d:\projects\graphics\graphics-project\debug\openglme.2ee1f2c2.tlog\cl.write.1.tlog
d:\projects\graphics\graphics-project\debug\openglme.2ee1f2c2.tlog\link.command.1.tlog
d:\projects\graphics\graphics-project\debug\openglme.2ee1f2c2.tlog\link.read.1.tlog
d:\projects\graphics\graphics-project\debug\openglme.2ee1f2c2.tlog\link.write.1.tlog
